<?xml version="1.0" encoding="UTF-8"?>
<testng-results ignored="0" total="4" passed="3" failed="1" skipped="0">
  <reporter-output>
  </reporter-output>
  <suite started-at="2025-01-10T11:37:49 IST" name="Default suite" finished-at="2025-01-10T11:38:36 IST" duration-ms="46181">
    <groups>
    </groups>
    <test started-at="2025-01-10T11:37:49 IST" name="Default test" finished-at="2025-01-10T11:38:36 IST" duration-ms="46181">
      <class name="shadowDOM.Practice_3">
        <test-method signature="launchAUT()[pri:0, instance:shadowDOM.Practice_3@1a6d8329]" started-at="2025-01-10T11:37:50 IST" name="launchAUT" finished-at="2025-01-10T11:37:53 IST" duration-ms="3901" status="PASS">
          <reporter-output>
          </reporter-output>
        </test-method> <!-- launchAUT -->
        <test-method signature="scroll()[pri:0, instance:shadowDOM.Practice_3@1a6d8329]" started-at="2025-01-10T11:37:53 IST" name="scroll" finished-at="2025-01-10T11:38:35 IST" duration-ms="42044" status="PASS">
          <reporter-output>
          </reporter-output>
        </test-method> <!-- scroll -->
        <test-method signature="shadow()[pri:0, instance:shadowDOM.Practice_3@1a6d8329]" started-at="2025-01-10T11:38:35 IST" name="shadow" finished-at="2025-01-10T11:38:36 IST" duration-ms="84" status="FAIL">
          <exception class="java.lang.ClassCastException">
            <message>
              <![CDATA[class org.openqa.selenium.remote.ShadowRoot cannot be cast to class org.openqa.selenium.WebElement (org.openqa.selenium.remote.ShadowRoot and org.openqa.selenium.WebElement are in unnamed module of loader 'app')]]>
            </message>
            <full-stacktrace>
              <![CDATA[java.lang.ClassCastException: class org.openqa.selenium.remote.ShadowRoot cannot be cast to class org.openqa.selenium.WebElement (org.openqa.selenium.remote.ShadowRoot and org.openqa.selenium.WebElement are in unnamed module of loader 'app')
at shadowDOM.Practice_3.shadow(Practice_3.java:45)
at java.base/jdk.internal.reflect.NativeMethodAccessorImpl.invoke0(Native Method)
at java.base/jdk.internal.reflect.NativeMethodAccessorImpl.invoke(NativeMethodAccessorImpl.java:62)
at java.base/jdk.internal.reflect.DelegatingMethodAccessorImpl.invoke(DelegatingMethodAccessorImpl.java:43)
at java.base/java.lang.reflect.Method.invoke(Method.java:566)
at org.testng.internal.invokers.MethodInvocationHelper.invokeMethod(MethodInvocationHelper.java:141)
at org.testng.internal.invokers.TestInvoker.invokeMethod(TestInvoker.java:686)
at org.testng.internal.invokers.TestInvoker.invokeTestMethod(TestInvoker.java:230)
at org.testng.internal.invokers.MethodRunner.runInSequence(MethodRunner.java:63)
at org.testng.internal.invokers.TestInvoker$MethodInvocationAgent.invoke(TestInvoker.java:992)
at org.testng.internal.invokers.TestInvoker.invokeTestMethods(TestInvoker.java:203)
at org.testng.internal.invokers.TestMethodWorker.invokeTestMethods(TestMethodWorker.java:154)
at org.testng.internal.invokers.TestMethodWorker.run(TestMethodWorker.java:134)
at java.base/java.util.ArrayList.forEach(ArrayList.java:1541)
at org.testng.TestRunner.privateRun(TestRunner.java:739)
at org.testng.TestRunner.run(TestRunner.java:614)
at org.testng.SuiteRunner.runTest(SuiteRunner.java:421)
at org.testng.SuiteRunner.runSequentially(SuiteRunner.java:413)
at org.testng.SuiteRunner.privateRun(SuiteRunner.java:373)
at org.testng.SuiteRunner.run(SuiteRunner.java:312)
at org.testng.SuiteRunnerWorker.runSuite(SuiteRunnerWorker.java:52)
at org.testng.SuiteRunnerWorker.run(SuiteRunnerWorker.java:95)
at org.testng.TestNG.runSuitesSequentially(TestNG.java:1274)
at org.testng.TestNG.runSuitesLocally(TestNG.java:1208)
at org.testng.TestNG.runSuites(TestNG.java:1112)
at org.testng.TestNG.run(TestNG.java:1079)
at org.testng.remote.AbstractRemoteTestNG.run(AbstractRemoteTestNG.java:115)
at org.testng.remote.RemoteTestNG.initAndRun(RemoteTestNG.java:293)
at org.testng.remote.RemoteTestNG.main(RemoteTestNG.java:91)
]]>
            </full-stacktrace>
          </exception> <!-- java.lang.ClassCastException -->
          <reporter-output>
          </reporter-output>
        </test-method> <!-- shadow -->
        <test-method signature="teardown()[pri:0, instance:shadowDOM.Practice_3@1a6d8329]" started-at="2025-01-10T11:38:36 IST" name="teardown" finished-at="2025-01-10T11:38:36 IST" duration-ms="117" status="PASS">
          <reporter-output>
          </reporter-output>
        </test-method> <!-- teardown -->
      </class> <!-- shadowDOM.Practice_3 -->
    </test> <!-- Default test -->
  </suite> <!-- Default suite -->
</testng-results>
